833d832
< [Player 1] Played Curse
836a836
> [Player 1] Played Gold
851d850
< [Player 1] Couldn't play Curse
855a855
> [Player 1] Played Curse
857,859c857,860
< [Player 1] Played Duchy
< [Player 1] Coins: 2
< [Player 1] Bought Copper for 0 coins
---
> [Player 1] Played Province
> [Player 1] Played Gold
> [Player 1] Coins: 4
> [Player 1] Bought Remodel for 4 coins
871,872d871
< [Player 1] Couldn't play Copper
< [Player 1] Couldn't play Copper
876,877c875,878
< [Player 1] Played Curse
< [Player 1] Played Estate
---
> [Player 1] Couldn't play Copper
> [Player 1] Couldn't play Copper
> [Player 1] Played Duchy
> [Player 1] Played Province
880c881
< [Player 1] Bought Copper for 0 coins
---
> [Player 1] Bought Great Hall for 3 coins
891c892
< [Player 0] Bought Minion for 5 coins
---
> [Player 0] Bought Ambassador for 3 coins
904c905
< [Player 1] Bought Remodel for 4 coins
---
> [Player 1] Bought Outpost for 5 coins
913,914d913
< [Player 1] Couldn't play Copper
< [Player 1] Couldn't play Copper
918c917,918
< [Player 1] Played Curse
---
> [Player 1] Couldn't play Copper
> [Player 1] Couldn't play Estate
919a920
> [Player 1] Played Duchy
921,923c922,923
< [Player 1] Played Copper
< [Player 1] Coins: 4
< [Player 1] Bought Baron for 4 coins
---
> [Player 1] Coins: 3
> [Player 1] Bought Copper for 0 coins
934c934
< [Player 0] Bought Ambassador for 3 coins
---
> [Player 0] Bought Remodel for 4 coins
936,937d935
< [Player 1] Couldn't play Copper
< [Player 1] Couldn't play Estate
941c939,941
< [Player 1] Played Curse
---
> [Player 1] Couldn't play Curse
> [Player 1] Couldn't play Copper
> [Player 1] Played Copper
956c956,968
< [Player 0] Bought Ambassador for 3 coins
---
> [Player 0] Bought Baron for 4 coins
> ----------
> [Player 1] Couldn't play Copper
> [Player 1] Couldn't play Copper
> [Player 1] Couldn't play Ambassador
> [Player 1] Couldn't play Copper
> [Player 1] Couldn't play Copper
> [Player 1] Played Curse
> [Player 1] Played Estate
> [Player 1] Played Province
> [Player 1] Played Copper
> [Player 1] Coins: 4
> [Player 1] Bought Ambassador for 3 coins
959,960c971,972
< Player 0 has a score of 11
< Player 1 has a score of -1
---
> Player 0 has a score of 12
> Player 1 has a score of 0
