Starting game with 2 players
[Player 0] Played Duchy
[Player 0] Played Province
[Player 0] Played Copper
[Player 0] Coins: 3
[Player 0] Bought Ambassador for 3 coins
----------
[Player 1] Played Duchy
[Player 1] Played Province
[Player 1] Played Copper
[Player 1] Coins: 3
[Player 1] Bought Curse for 0 coins
----------
[Player 0] Played Curse
[Player 0] Played Estate
[Player 0] Played Duchy
[Player 0] Played Province
[Player 0] Coins: 4
[Player 0] Bought Great Hall for 3 coins
----------
[Player 1] Played Curse
[Player 1] Played Duchy
[Player 1] Played Province
[Player 1] Played Copper
[Player 1] Coins: 4
[Player 1] Bought Baron for 4 coins
----------
[Player 0] Played Curse
[Player 0] Played Estate
[Player 0] Played Duchy
[Player 0] Played Province
[Player 0] Coins: 4
[Player 0] Bought Estate for 2 coins
----------
[Player 1] Played Curse
[Player 1] Played Estate
[Player 1] Played Province
[Player 1] Coins: 3
[Player 1] Bought Estate for 2 coins
----------
[Player 0] Played Great Hall
[Player 0] Played Estate
[Player 0] Played Province
[Player 0] Played Copper
[Player 0] Coins: 3
[Player 0] Bought Silver for 3 coins
----------
[Player 1] Played Baron
[Player 1] Played Province
[Player 1] Played Copper
[Player 1] Coins: 2
[Player 1] Bought Copper for 0 coins
[Player 1] Bought Curse for 0 coins
----------
[Player 0] Played Duchy
[Player 0] Played Province
[Player 0] Played Copper
[Player 0] Coins: 4
[Player 0] Bought Great Hall for 3 coins
----------
[Player 1] Played Curse
[Player 1] Played Estate
[Player 1] Played Province
[Player 1] Coins: 3
[Player 1] Bought Curse for 0 coins
----------
[Player 0] Played Curse
[Player 0] Played Estate
[Player 0] Played Province
[Player 0] Played Copper
[Player 0] Coins: 4
[Player 0] Bought Village for 3 coins
----------
[Player 1] Played Baron
[Player 1] Played Duchy
[Player 1] Played Province
[Player 1] Played Copper
[Player 1] Coins: 3
[Player 1] Bought Great Hall for 3 coins
[Player 1] Bought Curse for 0 coins
----------
[Player 0] Played Curse
[Player 0] Played Province
[Player 0] Played Copper
[Player 0] Coins: 4
[Player 0] Bought Copper for 0 coins
----------
[Player 1] Played Curse
[Player 1] Played Province
[Player 1] Coins: 2
[Player 1] Bought Curse for 0 coins
----------
[Player 0] Played Village
[Player 0] Played Duchy
[Player 0] Played Province
[Player 0] Played Copper
[Player 0] Coins: 3
[Player 0] Bought Ambassador for 3 coins
[Player 0] Bought Curse for 0 coins
----------
[Player 1] Coins: 0
[Player 1] Bought Copper for 0 coins
----------
[Player 0] Played Great Hall
[Player 0] Played Estate
[Player 0] Played Province
[Player 0] Coins: 2
[Player 0] Bought Copper for 0 coins
----------
[Player 1] Played Curse
[Player 1] Played Estate
[Player 1] Played Duchy
[Player 1] Played Province
[Player 1] Played Copper
[Player 1] Coins: 5
[Player 1] Bought Smithy for 4 coins
----------
[Player 0] Played Province
[Player 0] Coins: 1
[Player 0] Bought Curse for 0 coins
----------
[Player 1] Played Great Hall
[Player 1] Played Curse
[Player 1] Played Estate
[Player 1] Played Duchy
[Player 1] Coins: 3
[Player 1] Bought Copper for 0 coins
----------
[Player 0] Played Curse
[Player 0] Played Estate
[Player 0] Played Duchy
[Player 0] Played Copper
[Player 0] Coins: 5
[Player 0] Bought Remodel for 4 coins
----------
[Player 1] Played Baron
[Player 1] Coins: 0
[Player 1] Bought Curse for 0 coins
[Player 1] Bought Copper for 0 coins
----------
[Player 0] Played Curse
[Player 0] Played Estate
[Player 0] Played Copper
[Player 0] Coins: 3
[Player 0] Bought Village for 3 coins
----------
[Player 1] Played Estate
[Player 1] Played Province
[Player 1] Played Copper
[Player 1] Coins: 3
[Player 1] Bought Ambassador for 3 coins
----------
[Player 0] Played Curse
[Player 0] Played Estate
[Player 0] Played Province
[Player 0] Coins: 3
[Player 0] Bought Ambassador for 3 coins
----------
[Player 1] Played Duchy
[Player 1] Played Copper
[Player 1] Coins: 2
[Player 1] Bought Curse for 0 coins
----------
[Player 0] Played Curse
[Player 0] Played Province
[Player 0] Played Copper
[Player 0] Coins: 4
[Player 0] Bought Remodel for 4 coins
----------
[Player 1] Played Baron
[Player 1] Played Curse
[Player 1] Played Province
[Player 1] Coins: 2
[Player 1] Bought Curse for 0 coins
[Player 1] Bought Copper for 0 coins
----------
[Player 0] Played Remodel
[Player 0] Played Duchy
[Player 0] Played Province
[Player 0] Coins: 2
[Player 0] Bought Copper for 0 coins
[Player 0] Bought Copper for 0 coins
----------
[Player 0] Played Village
[Player 0] Played Curse
[Player 0] Played Duchy
[Player 0] Coins: 3
[Player 0] Bought Copper for 0 coins
[Player 0] Bought Ambassador for 3 coins
----------
[Player 0] Played Duchy
[Player 0] Played Copper
[Player 0] Coins: 2
[Player 0] Bought Copper for 0 coins
----------
[Player 0] Played Remodel
[Player 0] Played Duchy
[Player 0] Played Province
[Player 0] Coins: 2
[Player 0] Bought Copper for 0 coins
[Player 0] Bought Copper for 0 coins
----------
[Player 0] Played Duchy
[Player 0] Coins: 1
[Player 0] Bought Copper for 0 coins
----------
[Player 0] Played Curse
[Player 0] Played Province
[Player 0] Played Copper
[Player 0] Coins: 3
[Player 0] Bought Village for 3 coins
----------
[Player 0] Played Estate
[Player 0] Played Duchy
[Player 0] Played Copper
[Player 0] Coins: 4
[Player 0] Bought Silver for 3 coins
----------
[Player 0] Played Curse
[Player 0] Played Estate
[Player 0] Played Copper
[Player 0] Coins: 3
[Player 0] Bought Ambassador for 3 coins
----------
[Player 0] Played Curse
[Player 0] Played Duchy
[Player 0] Played Copper
[Player 0] Coins: 3
[Player 0] Bought Silver for 3 coins
----------
[Player 0] Played Curse
[Player 0] Played Province
[Player 0] Played Copper
[Player 0] Coins: 5
[Player 0] Bought Baron for 4 coins
----------
[Player 0] Played Curse
[Player 0] Played Duchy
[Player 0] Coins: 2
[Player 0] Bought Copper for 0 coins
----------
[Player 0] Played Village
[Player 0] Played Curse
[Player 0] Played Province
[Player 0] Played Copper
[Player 0] Coins: 3
[Player 0] Bought Ambassador for 3 coins
[Player 0] Bought Copper for 0 coins
----------
[Player 0] Played Curse
[Player 0] Played Estate
[Player 0] Played Copper
[Player 0] Coins: 3
[Player 0] Bought Village for 3 coins
----------
[Player 0] Played Estate
[Player 0] Played Province
[Player 0] Played Copper
[Player 0] Coins: 3
[Player 0] Bought Ambassador for 3 coins
----------
[Player 0] Played Curse
[Player 0] Played Estate
[Player 0] Played Duchy
[Player 0] Coins: 4
[Player 0] Bought Great Hall for 3 coins
----------
[Player 0] Played Curse
[Player 0] Played Copper
[Player 0] Coins: 2
[Player 0] Bought Copper for 0 coins
----------
[Player 0] Played Estate
[Player 0] Played Province
[Player 0] Played Copper
[Player 0] Coins: 3
[Player 0] Bought Copper for 0 coins
----------
[Player 0] Played Baron
[Player 0] Played Curse
[Player 0] Played Province
[Player 0] Coins: 2
[Player 0] Bought Copper for 0 coins
[Player 0] Bought Copper for 0 coins
----------
[Player 0] Played Curse
[Player 0] Played Estate
[Player 0] Played Duchy
[Player 0] Played Province
[Player 0] Coins: 6
[Player 0] Bought Smithy for 4 coins
----------
[Player 0] Played Village
[Player 0] Played Curse
[Player 0] Played Estate
[Player 0] Played Province
[Player 0] Coins: 3
[Player 0] Bought Silver for 3 coins
[Player 0] Bought Copper for 0 coins
----------
[Player 0] Played Baron
[Player 0] Played Estate
[Player 0] Played Province
[Player 0] Played Copper
[Player 0] Coins: 3
[Player 0] Bought Copper for 0 coins
[Player 0] Bought Copper for 0 coins
----------
[Player 0] Played Estate
[Player 0] Played Province
[Player 0] Played Copper
[Player 0] Coins: 3
[Player 0] Bought Great Hall for 3 coins
----------
[Player 0] Played Estate
[Player 0] Played Duchy
[Player 0] Played Province
[Player 0] Played Copper
[Player 0] Coins: 4
[Player 0] Bought Copper for 0 coins
----------
[Player 0] Played Curse
[Player 0] Played Estate
[Player 0] Played Province
[Player 0] Coins: 4
[Player 0] Bought Baron for 4 coins
----------
[Player 0] Played Great Hall
[Player 0] Played Estate
[Player 0] Played Duchy
[Player 0] Coins: 2
[Player 0] Bought Copper for 0 coins
----------
[Player 0] Played Baron
[Player 0] Played Duchy
[Player 0] Played Province
[Player 0] Coins: 3
[Player 0] Bought Village for 3 coins
[Player 0] Bought Copper for 0 coins
----------
[Player 0] Played Estate
[Player 0] Played Duchy
[Player 0] Played Province
[Player 0] Coins: 3
[Player 0] Bought Silver for 3 coins
----------
[Player 0] Played Curse
[Player 0] Played Estate
[Player 0] Played Duchy
[Player 0] Played Province
[Player 0] Played Copper
[Player 0] Coins: 5
[Player 0] Bought Copper for 0 coins
----------
[Player 0] Played Smithy
[Player 0] Played Great Hall
[Player 0] Played Duchy
[Player 0] Played Province
[Player 0] Played Copper
[Player 0] Coins: 4
[Player 0] Bought Village for 3 coins
[Player 0] Bought Copper for 0 coins
----------
[Player 0] Played Curse
[Player 0] Played Estate
[Player 0] Played Duchy
[Player 0] Played Province
[Player 0] Played Copper
[Player 0] Coins: 5
[Player 0] Bought Outpost for 5 coins
----------
[Player 0] Played Curse
[Player 0] Played Duchy
[Player 0] Played Province
[Player 0] Coins: 3
[Player 0] Bought Village for 3 coins
----------
[Player 0] Played Curse
[Player 0] Played Estate
[Player 0] Played Copper
[Player 0] Coins: 5
[Player 0] Bought Outpost for 5 coins
----------
[Player 0] Played Curse
[Player 0] Played Duchy
[Player 0] Played Copper
[Player 0] Coins: 3
[Player 0] Bought Village for 3 coins
----------
[Player 0] Played Baron
[Player 0] Played Estate
[Player 0] Played Province
[Player 0] Coins: 2
[Player 0] Bought Copper for 0 coins
[Player 0] Bought Copper for 0 coins
----------
[Player 0] Played Outpost
[Player 0] Played Curse
[Player 0] Played Duchy
[Player 0] Played Province
[Player 0] Coins: 4
[Player 0] Bought Great Hall for 3 coins
----------
[Player 0] Played Curse
[Player 0] Played Estate
[Player 0] Played Duchy
[Player 0] Played Province
[Player 0] Played Copper
[Player 0] Coins: 5
[Player 0] Bought Baron for 4 coins
----------
[Player 0] Played Curse
[Player 0] Played Duchy
[Player 0] Played Copper
[Player 0] Coins: 3
[Player 0] Bought Silver for 3 coins
----------
[Player 0] Played Village
[Player 0] Played Curse
[Player 0] Played Copper
[Player 0] Coins: 3
[Player 0] Bought Copper for 0 coins
[Player 0] Bought Great Hall for 3 coins
----------
[Player 0] Played Village
[Player 0] Played Curse
[Player 0] Played Estate
[Player 0] Played Copper
[Player 0] Coins: 3
[Player 0] Bought Silver for 3 coins
[Player 0] Bought Copper for 0 coins
----------
[Player 0] Played Village
[Player 0] Played Curse
[Player 0] Played Estate
[Player 0] Played Duchy
[Player 0] Played Province
[Player 0] Played Copper
[Player 0] Coins: 7
[Player 0] Bought Duchy for 5 coins
[Player 0] Bought Copper for 0 coins
----------
[Player 0] Played Outpost
[Player 0] Played Curse
[Player 0] Played Estate
[Player 0] Played Duchy
[Player 0] Played Province
[Player 0] Coins: 4
[Player 0] Bought Great Hall for 3 coins
----------
Finished game.
